{"C:\\Users\\Familia\\Documents\\GitHub\\jorge-mod3-lab4\\src\\core\\driver.ts": {"path":"C:\\Users\\Familia\\Documents\\GitHub\\jorge-mod3-lab4\\src\\core\\driver.ts","all":false,"statementMap":{"0":{"start":{"line":1,"column":0},"end":{"line":1,"column":69}},"1":{"start":{"line":2,"column":0},"end":{"line":2,"column":0}},"2":{"start":{"line":3,"column":0},"end":{"line":3,"column":21}},"3":{"start":{"line":4,"column":0},"end":{"line":4,"column":24}},"4":{"start":{"line":5,"column":0},"end":{"line":5,"column":31}},"5":{"start":{"line":6,"column":0},"end":{"line":6,"column":38}},"6":{"start":{"line":7,"column":0},"end":{"line":7,"column":4}},"7":{"start":{"line":8,"column":0},"end":{"line":8,"column":20}},"8":{"start":{"line":9,"column":0},"end":{"line":9,"column":4}},"9":{"start":{"line":10,"column":0},"end":{"line":10,"column":25}},"10":{"start":{"line":11,"column":0},"end":{"line":11,"column":45}},"11":{"start":{"line":12,"column":0},"end":{"line":12,"column":13}},"12":{"start":{"line":13,"column":0},"end":{"line":13,"column":31}},"13":{"start":{"line":14,"column":0},"end":{"line":14,"column":13}},"14":{"start":{"line":15,"column":0},"end":{"line":15,"column":12}},"15":{"start":{"line":16,"column":0},"end":{"line":16,"column":57}},"16":{"start":{"line":17,"column":0},"end":{"line":17,"column":51}},"17":{"start":{"line":18,"column":0},"end":{"line":18,"column":5}},"18":{"start":{"line":19,"column":0},"end":{"line":19,"column":0}},"19":{"start":{"line":20,"column":0},"end":{"line":20,"column":24}},"20":{"start":{"line":21,"column":0},"end":{"line":21,"column":35}},"21":{"start":{"line":22,"column":0},"end":{"line":22,"column":41}},"22":{"start":{"line":23,"column":0},"end":{"line":23,"column":5}},"23":{"start":{"line":24,"column":0},"end":{"line":24,"column":0}},"24":{"start":{"line":25,"column":0},"end":{"line":25,"column":22}},"25":{"start":{"line":26,"column":0},"end":{"line":26,"column":25}},"26":{"start":{"line":27,"column":0},"end":{"line":27,"column":5}},"27":{"start":{"line":28,"column":0},"end":{"line":28,"column":1}},"28":{"start":{"line":29,"column":0},"end":{"line":29,"column":0}},"29":{"start":{"line":30,"column":0},"end":{"line":30,"column":43}}},"s":{"0":1,"1":1,"2":1,"3":1,"4":1,"5":1,"6":1,"7":1,"8":1,"9":1,"10":1,"11":1,"12":1,"13":1,"14":1,"15":1,"16":1,"17":1,"18":1,"19":1,"20":1,"21":1,"22":1,"23":1,"24":1,"25":8,"26":8,"27":1,"28":1,"29":1},"branchMap":{"0":{"type":"branch","line":8,"loc":{"start":{"line":8,"column":4},"end":{"line":8,"column":20}},"locations":[{"start":{"line":8,"column":4},"end":{"line":8,"column":20}}]},"1":{"type":"branch","line":10,"loc":{"start":{"line":10,"column":10},"end":{"line":18,"column":5}},"locations":[{"start":{"line":10,"column":10},"end":{"line":18,"column":5}}]},"2":{"type":"branch","line":20,"loc":{"start":{"line":20,"column":10},"end":{"line":23,"column":5}},"locations":[{"start":{"line":20,"column":10},"end":{"line":23,"column":5}}]},"3":{"type":"branch","line":25,"loc":{"start":{"line":25,"column":4},"end":{"line":27,"column":5}},"locations":[{"start":{"line":25,"column":4},"end":{"line":27,"column":5}}]}},"b":{"0":[1],"1":[1],"2":[1],"3":[8]},"fnMap":{"0":{"name":"Driver","decl":{"start":{"line":8,"column":4},"end":{"line":8,"column":20}},"loc":{"start":{"line":8,"column":4},"end":{"line":8,"column":20}},"line":8},"1":{"name":"startDriver","decl":{"start":{"line":10,"column":10},"end":{"line":18,"column":5}},"loc":{"start":{"line":10,"column":10},"end":{"line":18,"column":5}},"line":10},"2":{"name":"closeDriver","decl":{"start":{"line":20,"column":10},"end":{"line":23,"column":5}},"loc":{"start":{"line":20,"column":10},"end":{"line":23,"column":5}},"line":20},"3":{"name":"get Page","decl":{"start":{"line":25,"column":4},"end":{"line":27,"column":5}},"loc":{"start":{"line":25,"column":4},"end":{"line":27,"column":5}},"line":25}},"f":{"0":1,"1":1,"2":1,"3":8}}
,"C:\\Users\\Familia\\Documents\\GitHub\\jorge-mod3-lab4\\src\\pages\\base.page.ts": {"path":"C:\\Users\\Familia\\Documents\\GitHub\\jorge-mod3-lab4\\src\\pages\\base.page.ts","all":false,"statementMap":{"0":{"start":{"line":1,"column":0},"end":{"line":1,"column":55}},"1":{"start":{"line":2,"column":0},"end":{"line":2,"column":0}},"2":{"start":{"line":3,"column":0},"end":{"line":3,"column":32}},"3":{"start":{"line":4,"column":0},"end":{"line":4,"column":29}},"4":{"start":{"line":5,"column":0},"end":{"line":5,"column":0}},"5":{"start":{"line":6,"column":0},"end":{"line":6,"column":18}},"6":{"start":{"line":7,"column":0},"end":{"line":7,"column":37}},"7":{"start":{"line":8,"column":0},"end":{"line":8,"column":5}},"8":{"start":{"line":9,"column":0},"end":{"line":9,"column":0}},"9":{"start":{"line":10,"column":0},"end":{"line":10,"column":35}},"10":{"start":{"line":11,"column":0},"end":{"line":11,"column":71}},"11":{"start":{"line":12,"column":0},"end":{"line":12,"column":5}},"12":{"start":{"line":13,"column":0},"end":{"line":13,"column":0}},"13":{"start":{"line":14,"column":0},"end":{"line":14,"column":43}},"14":{"start":{"line":15,"column":0},"end":{"line":15,"column":73}},"15":{"start":{"line":16,"column":0},"end":{"line":16,"column":53}},"16":{"start":{"line":17,"column":0},"end":{"line":17,"column":5}},"17":{"start":{"line":18,"column":0},"end":{"line":18,"column":1}}},"s":{"0":1,"1":1,"2":1,"3":1,"4":1,"5":1,"6":1,"7":1,"8":1,"9":1,"10":1,"11":1,"12":1,"13":1,"14":0,"15":0,"16":0,"17":1},"branchMap":{"0":{"type":"branch","line":6,"loc":{"start":{"line":6,"column":4},"end":{"line":8,"column":5}},"locations":[{"start":{"line":6,"column":4},"end":{"line":8,"column":5}}]},"1":{"type":"branch","line":10,"loc":{"start":{"line":10,"column":10},"end":{"line":12,"column":5}},"locations":[{"start":{"line":10,"column":10},"end":{"line":12,"column":5}}]}},"b":{"0":[1],"1":[1]},"fnMap":{"0":{"name":"BasePage","decl":{"start":{"line":6,"column":4},"end":{"line":8,"column":5}},"loc":{"start":{"line":6,"column":4},"end":{"line":8,"column":5}},"line":6},"1":{"name":"navigateTo","decl":{"start":{"line":10,"column":10},"end":{"line":12,"column":5}},"loc":{"start":{"line":10,"column":10},"end":{"line":12,"column":5}},"line":10},"2":{"name":"getElementText","decl":{"start":{"line":14,"column":10},"end":{"line":17,"column":5}},"loc":{"start":{"line":14,"column":10},"end":{"line":17,"column":5}},"line":14}},"f":{"0":1,"1":1,"2":0}}
,"C:\\Users\\Familia\\Documents\\GitHub\\jorge-mod3-lab4\\src\\pages\\my-page.page.ts": {"path":"C:\\Users\\Familia\\Documents\\GitHub\\jorge-mod3-lab4\\src\\pages\\my-page.page.ts","all":false,"statementMap":{"0":{"start":{"line":1,"column":0},"end":{"line":1,"column":39}},"1":{"start":{"line":2,"column":0},"end":{"line":2,"column":51}},"2":{"start":{"line":3,"column":0},"end":{"line":3,"column":0}},"3":{"start":{"line":4,"column":0},"end":{"line":4,"column":37}},"4":{"start":{"line":5,"column":0},"end":{"line":5,"column":56}},"5":{"start":{"line":6,"column":0},"end":{"line":6,"column":71}},"6":{"start":{"line":7,"column":0},"end":{"line":7,"column":78}},"7":{"start":{"line":8,"column":0},"end":{"line":8,"column":78}},"8":{"start":{"line":9,"column":0},"end":{"line":9,"column":101}},"9":{"start":{"line":10,"column":0},"end":{"line":10,"column":217}},"10":{"start":{"line":11,"column":0},"end":{"line":11,"column":51}},"11":{"start":{"line":12,"column":0},"end":{"line":12,"column":4}},"12":{"start":{"line":13,"column":0},"end":{"line":13,"column":6}},"13":{"start":{"line":14,"column":0},"end":{"line":14,"column":114}},"14":{"start":{"line":15,"column":0},"end":{"line":15,"column":48}},"15":{"start":{"line":16,"column":0},"end":{"line":16,"column":85}},"16":{"start":{"line":17,"column":0},"end":{"line":17,"column":199}},"17":{"start":{"line":18,"column":0},"end":{"line":18,"column":18}},"18":{"start":{"line":19,"column":0},"end":{"line":19,"column":16}},"19":{"start":{"line":20,"column":0},"end":{"line":20,"column":5}},"20":{"start":{"line":21,"column":0},"end":{"line":21,"column":0}},"21":{"start":{"line":22,"column":0},"end":{"line":22,"column":25}},"22":{"start":{"line":23,"column":0},"end":{"line":23,"column":53}},"23":{"start":{"line":24,"column":0},"end":{"line":24,"column":5}},"24":{"start":{"line":25,"column":0},"end":{"line":25,"column":0}},"25":{"start":{"line":26,"column":0},"end":{"line":26,"column":23}},"26":{"start":{"line":27,"column":0},"end":{"line":27,"column":54}},"27":{"start":{"line":28,"column":0},"end":{"line":28,"column":5}},"28":{"start":{"line":29,"column":0},"end":{"line":29,"column":0}},"29":{"start":{"line":30,"column":0},"end":{"line":30,"column":23}},"30":{"start":{"line":31,"column":0},"end":{"line":31,"column":56}},"31":{"start":{"line":32,"column":0},"end":{"line":32,"column":5}},"32":{"start":{"line":33,"column":0},"end":{"line":33,"column":0}},"33":{"start":{"line":34,"column":0},"end":{"line":34,"column":23}},"34":{"start":{"line":35,"column":0},"end":{"line":35,"column":55}},"35":{"start":{"line":36,"column":0},"end":{"line":36,"column":5}},"36":{"start":{"line":37,"column":0},"end":{"line":37,"column":0}},"37":{"start":{"line":38,"column":0},"end":{"line":38,"column":21}},"38":{"start":{"line":39,"column":0},"end":{"line":39,"column":58}},"39":{"start":{"line":40,"column":0},"end":{"line":40,"column":8}},"40":{"start":{"line":41,"column":0},"end":{"line":41,"column":5}},"41":{"start":{"line":42,"column":0},"end":{"line":42,"column":0}},"42":{"start":{"line":43,"column":0},"end":{"line":43,"column":28}},"43":{"start":{"line":44,"column":0},"end":{"line":44,"column":53}},"44":{"start":{"line":45,"column":0},"end":{"line":45,"column":58}},"45":{"start":{"line":46,"column":0},"end":{"line":46,"column":8}},"46":{"start":{"line":47,"column":0},"end":{"line":47,"column":5}},"47":{"start":{"line":48,"column":0},"end":{"line":48,"column":0}},"48":{"start":{"line":49,"column":0},"end":{"line":49,"column":1}}},"s":{"0":1,"1":1,"2":1,"3":1,"4":1,"5":1,"6":1,"7":1,"8":1,"9":1,"10":1,"11":1,"12":1,"13":1,"14":1,"15":1,"16":1,"17":1,"18":1,"19":1,"20":1,"21":1,"22":1,"23":1,"24":1,"25":1,"26":1,"27":1,"28":1,"29":1,"30":1,"31":1,"32":1,"33":1,"34":1,"35":1,"36":1,"37":1,"38":1,"39":1,"40":1,"41":1,"42":1,"43":1,"44":1,"45":1,"46":1,"47":1,"48":1},"branchMap":{"0":{"type":"branch","line":18,"loc":{"start":{"line":18,"column":4},"end":{"line":20,"column":5}},"locations":[{"start":{"line":18,"column":4},"end":{"line":20,"column":5}}]},"1":{"type":"branch","line":22,"loc":{"start":{"line":22,"column":10},"end":{"line":24,"column":5}},"locations":[{"start":{"line":22,"column":10},"end":{"line":24,"column":5}}]},"2":{"type":"branch","line":26,"loc":{"start":{"line":26,"column":10},"end":{"line":28,"column":5}},"locations":[{"start":{"line":26,"column":10},"end":{"line":28,"column":5}}]},"3":{"type":"branch","line":30,"loc":{"start":{"line":30,"column":10},"end":{"line":32,"column":5}},"locations":[{"start":{"line":30,"column":10},"end":{"line":32,"column":5}}]},"4":{"type":"branch","line":34,"loc":{"start":{"line":34,"column":10},"end":{"line":36,"column":5}},"locations":[{"start":{"line":34,"column":10},"end":{"line":36,"column":5}}]},"5":{"type":"branch","line":38,"loc":{"start":{"line":38,"column":10},"end":{"line":41,"column":5}},"locations":[{"start":{"line":38,"column":10},"end":{"line":41,"column":5}}]},"6":{"type":"branch","line":43,"loc":{"start":{"line":43,"column":10},"end":{"line":47,"column":5}},"locations":[{"start":{"line":43,"column":10},"end":{"line":47,"column":5}}]}},"b":{"0":[1],"1":[1],"2":[1],"3":[1],"4":[1],"5":[1],"6":[1]},"fnMap":{"0":{"name":"MyPage","decl":{"start":{"line":18,"column":4},"end":{"line":20,"column":5}},"loc":{"start":{"line":18,"column":4},"end":{"line":20,"column":5}},"line":18},"1":{"name":"clickButton","decl":{"start":{"line":22,"column":10},"end":{"line":24,"column":5}},"loc":{"start":{"line":22,"column":10},"end":{"line":24,"column":5}},"line":22},"2":{"name":"clickElec","decl":{"start":{"line":26,"column":10},"end":{"line":28,"column":5}},"loc":{"start":{"line":26,"column":10},"end":{"line":28,"column":5}},"line":26},"3":{"name":"clickElem","decl":{"start":{"line":30,"column":10},"end":{"line":32,"column":5}},"loc":{"start":{"line":30,"column":10},"end":{"line":32,"column":5}},"line":30},"4":{"name":"selecItem","decl":{"start":{"line":34,"column":10},"end":{"line":36,"column":5}},"loc":{"start":{"line":34,"column":10},"end":{"line":36,"column":5}},"line":34},"5":{"name":"addCart","decl":{"start":{"line":38,"column":10},"end":{"line":41,"column":5}},"loc":{"start":{"line":38,"column":10},"end":{"line":41,"column":5}},"line":38},"6":{"name":"getElementText","decl":{"start":{"line":43,"column":10},"end":{"line":47,"column":5}},"loc":{"start":{"line":43,"column":10},"end":{"line":47,"column":5}},"line":43}},"f":{"0":1,"1":1,"2":1,"3":1,"4":1,"5":1,"6":1}}
}
