TN:
SF:src\core\driver.ts
FN:8,Driver
FN:10,startDriver
FN:20,closeDriver
FN:25,get Page
FNF:4
FNH:4
FNDA:2,Driver
FNDA:2,startDriver
FNDA:2,closeDriver
FNDA:27,get Page
DA:1,1
DA:2,1
DA:3,1
DA:4,1
DA:5,1
DA:6,1
DA:7,1
DA:8,1
DA:9,1
DA:10,1
DA:11,2
DA:12,2
DA:13,2
DA:14,2
DA:15,2
DA:16,2
DA:17,2
DA:18,2
DA:19,1
DA:20,1
DA:21,2
DA:22,2
DA:23,2
DA:24,1
DA:25,1
DA:26,27
DA:27,27
DA:28,1
DA:29,1
DA:30,1
LF:30
LH:30
BRDA:8,0,0,2
BRDA:10,1,0,2
BRDA:20,2,0,2
BRDA:25,3,0,27
BRF:4
BRH:4
end_of_record
TN:
SF:src\pages\base.page.ts
FN:6,BasePage
FN:10,navigateTo
FN:14,getElementText
FNF:3
FNH:2
FNDA:2,BasePage
FNDA:2,navigateTo
FNDA:0,getElementText
DA:1,1
DA:2,1
DA:3,1
DA:4,1
DA:5,1
DA:6,1
DA:7,2
DA:8,2
DA:9,1
DA:10,1
DA:11,2
DA:12,2
DA:13,1
DA:14,1
DA:15,0
DA:16,0
DA:17,0
DA:18,1
LF:18
LH:15
BRDA:6,0,0,2
BRDA:10,1,0,2
BRF:2
BRH:2
end_of_record
TN:
SF:src\pages\my-page.page.ts
FN:18,MyPage
FN:6,MyPage.elecButton
FN:7,MyPage.subcatButton
FN:8,MyPage.subcatElecc
FN:9,MyPage.subcatEleccAdd
FN:12,MyPage.precioItem
FN:22,clickCategorias
FN:26,clickElec
FN:30,clickElem
FN:34,selecItem
FN:38,addCart
FN:43,getElementTextCarrito
FN:48,clickCarrito
FN:52,getElementPrice
FN:57,getElementTextTotal
FNF:15
FNH:15
FNDA:2,MyPage
FNDA:2,MyPage.elecButton
FNDA:2,MyPage.subcatButton
FNDA:4,MyPage.subcatElecc
FNDA:4,MyPage.subcatEleccAdd
FNDA:2,MyPage.precioItem
FNDA:2,clickCategorias
FNDA:2,clickElec
FNDA:2,clickElem
FNDA:4,selecItem
FNDA:4,addCart
FNDA:1,getElementTextCarrito
FNDA:1,clickCarrito
FNDA:2,getElementPrice
FNDA:1,getElementTextTotal
DA:1,1
DA:2,1
DA:3,1
DA:4,1
DA:5,1
DA:6,1
DA:7,1
DA:8,1
DA:9,1
DA:10,1
DA:11,1
DA:12,1
DA:13,1
DA:14,1
DA:15,1
DA:16,1
DA:17,1
DA:18,1
DA:19,2
DA:20,2
DA:21,1
DA:22,1
DA:23,2
DA:24,2
DA:25,1
DA:26,1
DA:27,2
DA:28,2
DA:29,1
DA:30,1
DA:31,2
DA:32,2
DA:33,1
DA:34,1
DA:35,4
DA:36,4
DA:37,1
DA:38,1
DA:39,4
DA:40,4
DA:41,4
DA:42,1
DA:43,1
DA:44,1
DA:45,1
DA:46,1
DA:47,1
DA:48,1
DA:49,1
DA:50,1
DA:51,1
DA:52,1
DA:53,2
DA:54,2
DA:55,2
DA:56,1
DA:57,1
DA:58,1
DA:59,1
DA:60,1
DA:61,1
LF:61
LH:61
BRDA:18,0,0,2
BRDA:6,1,0,2
BRDA:6,2,0,2
BRDA:7,3,0,2
BRDA:7,4,0,2
BRDA:8,5,0,4
BRDA:8,6,0,4
BRDA:9,7,0,4
BRDA:9,8,0,4
BRDA:12,9,0,2
BRDA:12,10,0,2
BRDA:22,11,0,2
BRDA:26,12,0,2
BRDA:30,13,0,2
BRDA:34,14,0,4
BRDA:38,15,0,4
BRDA:43,16,0,1
BRDA:48,17,0,1
BRDA:52,18,0,2
BRDA:57,19,0,1
BRF:20
BRH:20
end_of_record
TN:
SF:tests\resources\list.ts
FN:2,Item
FN:6,Subcategory
FN:10,Category
FNF:3
FNH:3
FNDA:16,Item
FNDA:8,Subcategory
FNDA:4,Category
DA:1,1
DA:2,1
DA:3,1
DA:4,1
DA:5,1
DA:6,1
DA:7,1
DA:8,1
DA:9,1
DA:10,1
DA:11,1
DA:12,1
DA:13,1
DA:14,1
DA:15,1
DA:16,1
DA:17,1
DA:18,1
DA:19,1
DA:20,1
DA:21,1
DA:22,1
DA:23,1
DA:24,1
DA:25,1
DA:26,1
DA:27,1
DA:28,1
DA:29,1
DA:30,1
DA:31,1
DA:32,1
DA:33,1
DA:34,1
DA:35,1
LF:35
LH:35
BRDA:2,0,0,16
BRDA:6,1,0,8
BRDA:10,2,0,4
BRF:3
BRH:3
end_of_record
TN:
SF:tests\resources\url.ts
FNF:0
FNH:0
DA:1,1
LF:1
LH:1
BRF:0
BRH:0
end_of_record
