TN:
SF:src\core\driver.ts
FN:8,Driver
FN:10,startDriver
FN:20,closeDriver
FN:25,get Page
FNF:4
FNH:4
FNDA:1,Driver
FNDA:1,startDriver
FNDA:1,closeDriver
FNDA:8,get Page
DA:1,1
DA:2,1
DA:3,1
DA:4,1
DA:5,1
DA:6,1
DA:7,1
DA:8,1
DA:9,1
DA:10,1
DA:11,1
DA:12,1
DA:13,1
DA:14,1
DA:15,1
DA:16,1
DA:17,1
DA:18,1
DA:19,1
DA:20,1
DA:21,1
DA:22,1
DA:23,1
DA:24,1
DA:25,1
DA:26,8
DA:27,8
DA:28,1
DA:29,1
DA:30,1
LF:30
LH:30
BRDA:8,0,0,1
BRDA:10,1,0,1
BRDA:20,2,0,1
BRDA:25,3,0,8
BRF:4
BRH:4
end_of_record
TN:
SF:src\pages\base.page.ts
FN:6,BasePage
FN:10,navigateTo
FN:14,getElementText
FNF:3
FNH:2
FNDA:1,BasePage
FNDA:1,navigateTo
FNDA:0,getElementText
DA:1,1
DA:2,1
DA:3,1
DA:4,1
DA:5,1
DA:6,1
DA:7,1
DA:8,1
DA:9,1
DA:10,1
DA:11,1
DA:12,1
DA:13,1
DA:14,1
DA:15,0
DA:16,0
DA:17,0
DA:18,1
LF:18
LH:15
BRDA:6,0,0,1
BRDA:10,1,0,1
BRF:2
BRH:2
end_of_record
TN:
SF:src\pages\my-page.page.ts
FN:18,MyPage
FN:22,clickButton
FN:26,clickElec
FN:30,clickElem
FN:34,selecItem
FN:38,addCart
FN:43,getElementText
FNF:7
FNH:7
FNDA:1,MyPage
FNDA:1,clickButton
FNDA:1,clickElec
FNDA:1,clickElem
FNDA:1,selecItem
FNDA:1,addCart
FNDA:1,getElementText
DA:1,1
DA:2,1
DA:3,1
DA:4,1
DA:5,1
DA:6,1
DA:7,1
DA:8,1
DA:9,1
DA:10,1
DA:11,1
DA:12,1
DA:13,1
DA:14,1
DA:15,1
DA:16,1
DA:17,1
DA:18,1
DA:19,1
DA:20,1
DA:21,1
DA:22,1
DA:23,1
DA:24,1
DA:25,1
DA:26,1
DA:27,1
DA:28,1
DA:29,1
DA:30,1
DA:31,1
DA:32,1
DA:33,1
DA:34,1
DA:35,1
DA:36,1
DA:37,1
DA:38,1
DA:39,1
DA:40,1
DA:41,1
DA:42,1
DA:43,1
DA:44,1
DA:45,1
DA:46,1
DA:47,1
DA:48,1
DA:49,1
LF:49
LH:49
BRDA:18,0,0,1
BRDA:22,1,0,1
BRDA:26,2,0,1
BRDA:30,3,0,1
BRDA:34,4,0,1
BRDA:38,5,0,1
BRDA:43,6,0,1
BRF:7
BRH:7
end_of_record
